android/app/build/outputs/logs/manifest-merger-debug-report.txt
-- Merging decision tree log ---
manifest
ADDED from src\main\AndroidManifest.xml:1:1-27:12
	package
		ADDED from src\main\AndroidManifest.xml:2:5-29
		INJECTED from src\main\AndroidManifest.xml
		INJECTED from src\main\AndroidManifest.xml
	android:versionName
		INJECTED from src\main\AndroidManifest.xml
		INJECTED from src\main\AndroidManifest.xml
	xmlns:android
		ADDED from src\main\AndroidManifest.xml:1:11-69
	android:versionCode
		INJECTED from src\main\AndroidManifest.xml
		INJECTED from src\main\AndroidManifest.xml
uses-permission#android.permission.INTERNET
ADDED from src\main\AndroidManifest.xml:4:5-67
MERGED from [com.google.android.gms:play-services-gcm:10.0.1] AndroidManifest.xml:21:5-66
MERGED from [com.google.android.gms:play-services-iid:10.0.1] AndroidManifest.xml:21:5-66
	android:name
		ADDED from src\main\AndroidManifest.xml:4:22-64
uses-permission#android.permission.SYSTEM_ALERT_WINDOW
ADDED from src\main\AndroidManifest.xml:5:5-77
MERGED from [com.facebook.react:react-native:0.55.4] AndroidManifest.xml:11:5-78
	android:name
		ADDED from src\main\AndroidManifest.xml:5:22-75
application
ADDED from src\main\AndroidManifest.xml:7:5-25:19
MERGED from [AirMonApp2:react-native-notifications:unspecified] AndroidManifest.xml:23:5-63:19
MERGED from [com.google.android.gms:play-services-gcm:10.0.1] AndroidManifest.xml:23:5-19
MERGED from [com.google.android.gms:play-services-iid:10.0.1] AndroidManifest.xml:23:5-19
MERGED from [com.google.android.gms:play-services-base:10.0.1] AndroidManifest.xml:18:5-20:19
MERGED from [com.google.android.gms:play-services-tasks:10.0.1] AndroidManifest.xml:4:5-19
MERGED from [com.google.android.gms:play-services-basement:10.0.1] AndroidManifest.xml:19:5-21:19
MERGED from [com.facebook.react:react-native:0.55.4] AndroidManifest.xml:13:5-20
MERGED from [com.android.support:appcompat-v7:23.0.1] AndroidManifest.xml:22:5-20
MERGED from [com.android.support:support-v4:24.0.0] AndroidManifest.xml:25:5-20
MERGED from [com.facebook.soloader:soloader:0.1.0] AndroidManifest.xml:3:3-17
MERGED from [org.webkit:android-jsc:r174650] AndroidManifest.xml:2:3-17
	android:label
		ADDED from src\main\AndroidManifest.xml:9:7-39
	android:allowBackup
		ADDED from src\main\AndroidManifest.xml:11:7-34
	android:icon
		ADDED from src\main\AndroidManifest.xml:10:7-41
	android:theme
		ADDED from src\main\AndroidManifest.xml:12:7-38
	android:name
		ADDED from src\main\AndroidManifest.xml:8:7-38
activity#com.airmonapp2.MainActivity
ADDED from src\main\AndroidManifest.xml:13:7-22:18
	android:label
		ADDED from src\main\AndroidManifest.xml:15:9-41
	android:windowSoftInputMode
		ADDED from src\main\AndroidManifest.xml:17:9-51
	android:configChanges
		ADDED from src\main\AndroidManifest.xml:16:9-79
	android:name
		ADDED from src\main\AndroidManifest.xml:14:9-37
intent-filter#android.intent.action.MAIN+android.intent.category.LAUNCHER
ADDED from src\main\AndroidManifest.xml:18:9-21:25
action#android.intent.action.MAIN
ADDED from src\main\AndroidManifest.xml:19:13-65
	android:name
		ADDED from src\main\AndroidManifest.xml:19:21-62
category#android.intent.category.LAUNCHER
ADDED from src\main\AndroidManifest.xml:20:13-73
	android:name
		ADDED from src\main\AndroidManifest.xml:20:23-70
activity#com.facebook.react.devsupport.DevSettingsActivity
ADDED from src\main\AndroidManifest.xml:23:7-84
	android:name
		ADDED from src\main\AndroidManifest.xml:23:17-81
meta-data#com.wix.reactnativenotifications.gcmSenderId
ADDED from src\main\AndroidManifest.xml:24:7-110
	android:value
		ADDED from src\main\AndroidManifest.xml:24:78-108
	android:name
		ADDED from src\main\AndroidManifest.xml:24:18-77
uses-sdk
INJECTED from src\main\AndroidManifest.xml reason: use-sdk injection requested
MERGED from [AirMonApp2:react-native-notifications:unspecified] AndroidManifest.xml:7:5-9:41
MERGED from [com.google.android.gms:play-services-gcm:10.0.1] AndroidManifest.xml:17:5-42
MERGED from [com.google.android.gms:play-services-iid:10.0.1] AndroidManifest.xml:17:5-42
MERGED from [com.google.android.gms:play-services-base:10.0.1] AndroidManifest.xml:17:5-42
MERGED from [com.google.android.gms:play-services-tasks:10.0.1] AndroidManifest.xml:3:5-42
MERGED from [com.google.android.gms:play-services-basement:10.0.1] AndroidManifest.xml:17:5-42
MERGED from [AirMonApp2:react-native-svg:unspecified] AndroidManifest.xml:7:5-9:41
MERGED from [AirMonApp2:react-native-vector-icons:unspecified] AndroidManifest.xml:7:5-9:41
MERGED from [com.facebook.react:react-native:0.55.4] AndroidManifest.xml:7:5-9:41
MERGED from [com.android.support:appcompat-v7:23.0.1] AndroidManifest.xml:20:5-43
MERGED from [com.android.support:support-v4:24.0.0] AndroidManifest.xml:21:5-23:54
MERGED from [com.facebook.fbui.textlayoutbuilder:textlayoutbuilder:1.0.0] AndroidManifest.xml:14:5-16:41
MERGED from [com.facebook.fresco:fresco:1.3.0] AndroidManifest.xml:5:5-7:41
MERGED from [com.facebook.fresco:drawee:1.3.0] AndroidManifest.xml:5:5-7:41
MERGED from [com.facebook.fresco:imagepipeline-okhttp3:1.3.0] AndroidManifest.xml:5:5-7:41
MERGED from [com.facebook.fresco:imagepipeline:1.3.0] AndroidManifest.xml:5:5-7:41
MERGED from [com.facebook.fresco:imagepipeline-base:1.3.0] AndroidManifest.xml:5:5-7:41
MERGED from [com.facebook.fresco:fbcore:1.3.0] AndroidManifest.xml:5:5-7:41
MERGED from [com.facebook.soloader:soloader:0.1.0] AndroidManifest.xml:2:3-70
	tools:overrideLibrary
		ADDED from [com.android.support:support-v4:24.0.0] AndroidManifest.xml:23:9-51
	android:targetSdkVersion
		INJECTED from src\main\AndroidManifest.xml
		INJECTED from src\main\AndroidManifest.xml
	android:minSdkVersion
		INJECTED from src\main\AndroidManifest.xml
		INJECTED from src\main\AndroidManifest.xml
permission#${applicationId}.permission.C2D_MESSAGE
ADDED from [AirMonApp2:react-native-notifications:unspecified] AndroidManifest.xml:12:5-14:47
	android:protectionLevel
		ADDED from [AirMonApp2:react-native-notifications:unspecified] AndroidManifest.xml:14:9-44
	android:name
		ADDED from [AirMonApp2:react-native-notifications:unspecified] AndroidManifest.xml:13:9-63
uses-permission#${applicationId}.permission.C2D_MESSAGE
ADDED from [AirMonApp2:react-native-notifications:unspecified] AndroidManifest.xml:16:5-79
	android:name
		ADDED from [AirMonApp2:react-native-notifications:unspecified] AndroidManifest.xml:16:22-76
uses-permission#android.permission.VIBRATE
ADDED from [AirMonApp2:react-native-notifications:unspecified] AndroidManifest.xml:19:5-21:38
	android:maxSdkVersion
		ADDED from [AirMonApp2:react-native-notifications:unspecified] AndroidManifest.xml:21:9-35
	android:name
		ADDED from [AirMonApp2:react-native-notifications:unspecified] AndroidManifest.xml:20:9-50
service#com.wix.reactnativenotifications.core.ProxyService
ADDED from [AirMonApp2:react-native-notifications:unspecified] AndroidManifest.xml:26:9-86
	android:name
		ADDED from [AirMonApp2:react-native-notifications:unspecified] AndroidManifest.xml:26:18-83
receiver#com.google.android.gms.gcm.GcmReceiver
ADDED from [AirMonApp2:react-native-notifications:unspecified] AndroidManifest.xml:33:9-43:20
	android:exported
		ADDED from [AirMonApp2:react-native-notifications:unspecified] AndroidManifest.xml:35:13-36
	android:permission
		ADDED from [AirMonApp2:react-native-notifications:unspecified] AndroidManifest.xml:36:13-73
	android:name
		ADDED from [AirMonApp2:react-native-notifications:unspecified] AndroidManifest.xml:34:13-66
intent-filter#${applicationId}+com.google.android.c2dm.intent.RECEIVE+com.google.android.c2dm.intent.REGISTRATION
ADDED from [AirMonApp2:react-native-notifications:unspecified] AndroidManifest.xml:37:13-42:29
action#com.google.android.c2dm.intent.RECEIVE
ADDED from [AirMonApp2:react-native-notifications:unspecified] AndroidManifest.xml:38:17-81
	android:name
		ADDED from [AirMonApp2:react-native-notifications:unspecified] AndroidManifest.xml:38:25-78
action#com.google.android.c2dm.intent.REGISTRATION
ADDED from [AirMonApp2:react-native-notifications:unspecified] AndroidManifest.xml:39:17-86
	android:name
		ADDED from [AirMonApp2:react-native-notifications:unspecified] AndroidManifest.xml:39:25-83
category#${applicationId}
ADDED from [AirMonApp2:react-native-notifications:unspecified] AndroidManifest.xml:41:17-61
	android:name
		ADDED from [AirMonApp2:react-native-notifications:unspecified] AndroidManifest.xml:41:27-58
service#com.wix.reactnativenotifications.gcm.GcmMessageHandlerService
ADDED from [AirMonApp2:react-native-notifications:unspecified] AndroidManifest.xml:45:9-51:19
	android:exported
		ADDED from [AirMonApp2:react-native-notifications:unspecified] AndroidManifest.xml:47:13-37
	android:name
		ADDED from [AirMonApp2:react-native-notifications:unspecified] AndroidManifest.xml:46:13-89
intent-filter#com.google.android.c2dm.intent.RECEIVE
ADDED from [AirMonApp2:react-native-notifications:unspecified] AndroidManifest.xml:48:13-50:29
service#com.wix.reactnativenotifications.gcm.GcmInstanceIdListenerService
ADDED from [AirMonApp2:react-native-notifications:unspecified] AndroidManifest.xml:53:9-59:19
	android:exported
		ADDED from [AirMonApp2:react-native-notifications:unspecified] AndroidManifest.xml:55:13-37
	android:name
		ADDED from [AirMonApp2:react-native-notifications:unspecified] AndroidManifest.xml:54:13-93
intent-filter#com.google.android.gms.iid.InstanceID
ADDED from [AirMonApp2:react-native-notifications:unspecified] AndroidManifest.xml:56:13-58:29
action#com.google.android.gms.iid.InstanceID
ADDED from [AirMonApp2:react-native-notifications:unspecified] AndroidManifest.xml:57:17-80
	android:name
		ADDED from [AirMonApp2:react-native-notifications:unspecified] AndroidManifest.xml:57:25-77
service#com.wix.reactnativenotifications.gcm.GcmInstanceIdRefreshHandlerService
ADDED from [AirMonApp2:react-native-notifications:unspecified] AndroidManifest.xml:60:9-62:40
	android:exported
		ADDED from [AirMonApp2:react-native-notifications:unspecified] AndroidManifest.xml:62:13-37
	android:name
		ADDED from [AirMonApp2:react-native-notifications:unspecified] AndroidManifest.xml:61:13-99
uses-permission#com.google.android.c2dm.permission.RECEIVE
ADDED from [com.google.android.gms:play-services-gcm:10.0.1] AndroidManifest.xml:20:5-81
MERGED from [com.google.android.gms:play-services-iid:10.0.1] AndroidManifest.xml:20:5-81
	android:name
		ADDED from [com.google.android.gms:play-services-gcm:10.0.1] AndroidManifest.xml:20:22-79
activity#com.google.android.gms.common.api.GoogleApiActivity
ADDED from [com.google.android.gms:play-services-base:10.0.1] AndroidManifest.xml:19:9-172
	android:exported
		ADDED from [com.google.android.gms:play-services-base:10.0.1] AndroidManifest.xml:19:146-170
	android:theme
		ADDED from [com.google.android.gms:play-services-base:10.0.1] AndroidManifest.xml:19:86-145
	android:name
		ADDED from [com.google.android.gms:play-services-base:10.0.1] AndroidManifest.xml:19:19-85
meta-data#com.google.android.gms.version
ADDED from [com.google.android.gms:play-services-basement:10.0.1] AndroidManifest.xml:20:9-121
	android:value
		ADDED from [com.google.android.gms:play-services-basement:10.0.1] AndroidManifest.xml:20:66-119
	android:name
		ADDED from [com.google.android.gms:play-services-basement:10.0.1] AndroidManifest.xml:20:20-65
android:uses-permission#android.permission.WRITE_EXTERNAL_STORAGE
IMPLIED from src\main\AndroidManifest.xml:1:1-27:12 reason: org.webkit.android_jsc has a targetSdkVersion < 4
android:uses-permission#android.permission.READ_PHONE_STATE
IMPLIED from src\main\AndroidManifest.xml:1:1-27:12 reason: org.webkit.android_jsc has a targetSdkVersion < 4
android:uses-permission#android.permission.READ_EXTERNAL_STORAGE
IMPLIED from src\main\AndroidManifest.xml:1:1-27:12 reason: org.webkit.android_jsc requested WRITE_EXTERNAL_STORAGE